<?xml version="1.0" encoding="UTF-8"?>
<testsuite name="com.example.shopping.SpringMysqlShppingExample01ApplicationTests" tests="1" skipped="0" failures="0" errors="0" timestamp="2026-01-03T03:05:23.683Z" hostname="NONAMECOMPUTER" time="0.287">
  <properties/>
  <testcase name="contextLoads()" classname="com.example.shopping.SpringMysqlShppingExample01ApplicationTests" time="0.287"/>
  <system-out><![CDATA[12:05:18.355 [Test worker] INFO org.springframework.test.context.support.AnnotationConfigContextLoaderUtils -- Could not detect default configuration classes for test class [com.example.shopping.SpringMysqlShppingExample01ApplicationTests]: SpringMysqlShppingExample01ApplicationTests does not declare any static, non-private, non-final, nested classes annotated with @Configuration.
12:05:18.458 [Test worker] INFO org.springframework.boot.test.context.SpringBootTestContextBootstrapper -- Found @SpringBootConfiguration com.example.shopping.SpringMysqlShppingExample01Application for test class com.example.shopping.SpringMysqlShppingExample01ApplicationTests

  .   ____          _            __ _ _
 /\\ / ___'_ __ _ _(_)_ __  __ _ \ \ \ \
( ( )\___ | '_ | '_| | '_ \/ _` | \ \ \ \
 \\/  ___)| |_)| | | | | || (_| |  ) ) ) )
  '  |____| .__|_| |_|_| |_\__, | / / / /
 =========|_|==============|___/=/_/_/_/

 :: Spring Boot ::                (v4.0.1)

2026-01-03T12:05:18.871+09:00  INFO 33300 --- [shopping-server] [    Test worker] ingMysqlShppingExample01ApplicationTests : Starting SpringMysqlShppingExample01ApplicationTests using Java 21 with PID 33300 (started by deepe in D:\workspace\java_lab\spring-shopping-server-exam01)
2026-01-03T12:05:18.873+09:00 DEBUG 33300 --- [shopping-server] [    Test worker] ingMysqlShppingExample01ApplicationTests : Running with Spring Boot v4.0.1, Spring v7.0.2
2026-01-03T12:05:18.874+09:00  INFO 33300 --- [shopping-server] [    Test worker] ingMysqlShppingExample01ApplicationTests : No active profile set, falling back to 1 default profile: "default"
2026-01-03T12:05:19.606+09:00  INFO 33300 --- [shopping-server] [    Test worker] .s.d.r.c.RepositoryConfigurationDelegate : Bootstrapping Spring Data JPA repositories in DEFAULT mode.
2026-01-03T12:05:19.706+09:00  INFO 33300 --- [shopping-server] [    Test worker] .s.d.r.c.RepositoryConfigurationDelegate : Finished Spring Data repository scanning in 90 ms. Found 11 JPA repository interfaces.
2026-01-03T12:05:20.353+09:00  INFO 33300 --- [shopping-server] [    Test worker] org.hibernate.orm.jpa                    : HHH008540: Processing PersistenceUnitInfo [name: default]
2026-01-03T12:05:20.468+09:00  INFO 33300 --- [shopping-server] [    Test worker] org.hibernate.orm.core                   : HHH000001: Hibernate ORM core version 7.2.0.Final
2026-01-03T12:05:20.891+09:00  INFO 33300 --- [shopping-server] [    Test worker] o.s.o.j.p.SpringPersistenceUnitInfo      : No LoadTimeWeaver setup: ignoring JPA class transformer
2026-01-03T12:05:20.917+09:00  INFO 33300 --- [shopping-server] [    Test worker] com.zaxxer.hikari.HikariDataSource       : HikariPool-1 - Starting...
2026-01-03T12:05:21.050+09:00  INFO 33300 --- [shopping-server] [    Test worker] com.zaxxer.hikari.pool.HikariPool        : HikariPool-1 - Added connection conn0: url=jdbc:h2:mem:testdb user=SA
2026-01-03T12:05:21.051+09:00  INFO 33300 --- [shopping-server] [    Test worker] com.zaxxer.hikari.HikariDataSource       : HikariPool-1 - Start completed.
2026-01-03T12:05:21.070+09:00  WARN 33300 --- [shopping-server] [    Test worker] org.hibernate.orm.deprecation            : HHH90000025: H2Dialect does not need to be specified explicitly using 'hibernate.dialect' (remove the property setting and it will be selected by default)
2026-01-03T12:05:21.093+09:00  INFO 33300 --- [shopping-server] [    Test worker] org.hibernate.orm.connections.pooling    : HHH10001005: Database info:
	Database JDBC URL [jdbc:h2:mem:testdb]
	Database driver: H2 JDBC Driver
	Database dialect: H2Dialect
	Database version: 2.4.240
	Default catalog/schema: TESTDB/PUBLIC
	Autocommit mode: undefined/unknown
	Isolation level: READ_COMMITTED [default READ_COMMITTED]
	JDBC fetch size: 100
	Pool: DataSourceConnectionProvider
	Minimum pool size: undefined/unknown
	Maximum pool size: undefined/unknown
2026-01-03T12:05:22.144+09:00  INFO 33300 --- [shopping-server] [    Test worker] org.hibernate.orm.core                   : HHH000489: No JTA platform available (set 'hibernate.transaction.jta.platform' to enable JTA platform integration)
2026-01-03T12:05:22.213+09:00  INFO 33300 --- [shopping-server] [    Test worker] j.LocalContainerEntityManagerFactoryBean : Initialized JPA EntityManagerFactory for persistence unit 'default'
2026-01-03T12:05:22.339+09:00  INFO 33300 --- [shopping-server] [    Test worker] o.s.d.j.r.query.QueryEnhancerFactories   : Hibernate is in classpath; If applicable, HQL parser will be used.
2026-01-03T12:05:22.964+09:00  INFO 33300 --- [shopping-server] [    Test worker] r$InitializeUserDetailsManagerConfigurer : Global AuthenticationManager configured with UserDetailsService bean with name inMemoryUserDetailsManager
2026-01-03T12:05:23.672+09:00  INFO 33300 --- [shopping-server] [    Test worker] ingMysqlShppingExample01ApplicationTests : Started SpringMysqlShppingExample01ApplicationTests in 5.085 seconds (process running for 6.353)
]]></system-out>
  <system-err><![CDATA[Mockito is currently self-attaching to enable the inline-mock-maker. This will no longer work in future releases of the JDK. Please add Mockito as an agent to your build as described in Mockito's documentation: https://javadoc.io/doc/org.mockito/mockito-core/latest/org.mockito/org/mockito/Mockito.html#0.3
WARNING: A Java agent has been loaded dynamically (C:\Users\deepe\.gradle\caches\modules-2\files-2.1\net.bytebuddy\byte-buddy-agent\1.17.8\f09415827a71be7ed621c7bd02550678f28bc81c\byte-buddy-agent-1.17.8.jar)
WARNING: If a serviceability tool is in use, please run with -XX:+EnableDynamicAgentLoading to hide this warning
WARNING: If a serviceability tool is not in use, please run with -Djdk.instrument.traceUsage for more information
WARNING: Dynamic loading of agents will be disallowed by default in a future release
]]></system-err>
</testsuite>
